{
  "stats": {
    "suites": 2,
    "tests": 1,
    "passes": 1,
    "pending": 0,
    "failures": 0,
    "start": "2020-07-15T16:54:44.549Z",
    "end": "2020-07-15T16:54:44.557Z",
    "duration": 8,
    "testsRegistered": 1,
    "passPercent": 100,
    "pendingPercent": 0,
    "other": 0,
    "hasOther": false,
    "skipped": 0,
    "hasSkipped": false
  },
  "results": [
    {
      "uuid": "f55bf455-2e4f-4ce0-9178-bfe314e5b0c0",
      "title": "",
      "fullFile": "",
      "file": "",
      "beforeHooks": [],
      "afterHooks": [],
      "tests": [],
      "suites": [
        {
          "uuid": "1d25b284-1e87-4df8-880d-ade50777b931",
          "title": "Array",
          "fullFile": "/home/logic/_workspace/selenium-playlist/mocha/mochawesome-helloworld/test/helloworld.js",
          "file": "/test/helloworld.js",
          "beforeHooks": [],
          "afterHooks": [],
          "tests": [],
          "suites": [
            {
              "uuid": "685c96b9-5229-4b96-9500-60df063fa3f9",
              "title": "#indexOf()",
              "fullFile": "/home/logic/_workspace/selenium-playlist/mocha/mochawesome-helloworld/test/helloworld.js",
              "file": "/test/helloworld.js",
              "beforeHooks": [],
              "afterHooks": [],
              "tests": [
                {
                  "title": "should return -1 when the value is not present",
                  "fullTitle": "Array #indexOf() should return -1 when the value is not present",
                  "timedOut": false,
                  "duration": 1,
                  "state": "passed",
                  "speed": "fast",
                  "pass": true,
                  "fail": false,
                  "pending": false,
                  "context": null,
                  "code": "assert.equal( [ 1, 2, 3 ].indexOf( 4 ), -1 );",
                  "err": {},
                  "uuid": "0b0c2ffd-d9e5-43c2-bdf6-af4d887c5464",
                  "parentUUID": "685c96b9-5229-4b96-9500-60df063fa3f9",
                  "isHook": false,
                  "skipped": false
                }
              ],
              "suites": [],
              "passes": [
                "0b0c2ffd-d9e5-43c2-bdf6-af4d887c5464"
              ],
              "failures": [],
              "pending": [],
              "skipped": [],
              "duration": 1,
              "root": false,
              "rootEmpty": false,
              "_timeout": 2000
            }
          ],
          "passes": [],
          "failures": [],
          "pending": [],
          "skipped": [],
          "duration": 0,
          "root": false,
          "rootEmpty": false,
          "_timeout": 2000
        }
      ],
      "passes": [],
      "failures": [],
      "pending": [],
      "skipped": [],
      "duration": 0,
      "root": true,
      "rootEmpty": true,
      "_timeout": 2000
    }
  ],
  "meta": {
    "mocha": {
      "version": "8.0.1"
    },
    "mochawesome": {
      "options": {
        "quiet": false,
        "reportFilename": "mochawesome",
        "saveHtml": true,
        "saveJson": true,
        "consoleReporter": "spec",
        "useInlineDiffs": false,
        "code": true
      },
      "version": "6.1.1"
    },
    "marge": {
      "options": null,
      "version": "5.1.0"
    }
  }
}